[debug] [2024-08-31T17:33:57.040Z] ----------------------------------------------------------------------
[debug] [2024-08-31T17:33:57.045Z] Command:       C:\Program Files\nodejs\node.exe C:\Users\Q4\AppData\Roaming\npm\node_modules\firebase-tools\lib\bin\firebase.js init
[debug] [2024-08-31T17:33:57.045Z] CLI Version:   13.15.0
[debug] [2024-08-31T17:33:57.045Z] Platform:      win32
[debug] [2024-08-31T17:33:57.045Z] Node Version:  v22.3.0
[debug] [2024-08-31T17:33:57.046Z] Time:          Sat Aug 31 2024 20:33:57 GMT+0300 (التوقيت العربي الرسمي)
[debug] [2024-08-31T17:33:57.046Z] ----------------------------------------------------------------------
[debug] 
[debug] [2024-08-31T17:33:57.051Z] >>> [apiv2][query] GET https://firebase-public.firebaseio.com/cli.json [none]
[debug] [2024-08-31T17:33:57.127Z] > command requires scopes: ["email","openid","https://www.googleapis.com/auth/cloudplatformprojects.readonly","https://www.googleapis.com/auth/firebase","https://www.googleapis.com/auth/cloud-platform"]
[debug] [2024-08-31T17:33:57.128Z] > authorizing via signed-in user (al.algoker@gmail.com)
[info] 
     ######## #### ########  ######## ########     ###     ######  ########
     ##        ##  ##     ## ##       ##     ##  ##   ##  ##       ##
     ######    ##  ########  ######   ########  #########  ######  ######
     ##        ##  ##    ##  ##       ##     ## ##     ##       ## ##
     ##       #### ##     ## ######## ########  ##     ##  ######  ########

You're about to initialize a Firebase project in this directory:

  C:\Users\Q4\Downloads\اذكار\new

[debug] [2024-08-31T17:33:57.824Z] <<< [apiv2][status] GET https://firebase-public.firebaseio.com/cli.json 200
[debug] [2024-08-31T17:33:57.824Z] <<< [apiv2][body] GET https://firebase-public.firebaseio.com/cli.json {"cloudBuildErrorAfter":1594252800000,"cloudBuildWarnAfter":1590019200000,"defaultNode10After":1594252800000,"minVersion":"3.0.5","node8DeploysDisabledAfter":1613390400000,"node8RuntimeDisabledAfter":1615809600000,"node8WarnAfter":1600128000000}
[debug] [2024-08-31T17:49:34.223Z] ----------------------------------------------------------------------
[debug] [2024-08-31T17:49:34.236Z] Command:       C:\Program Files\nodejs\node.exe C:\Users\Q4\AppData\Roaming\npm\node_modules\firebase-tools\lib\bin\firebase.js init
[debug] [2024-08-31T17:49:34.237Z] CLI Version:   13.15.0
[debug] [2024-08-31T17:49:34.238Z] Platform:      win32
[debug] [2024-08-31T17:49:34.238Z] Node Version:  v22.3.0
[debug] [2024-08-31T17:49:34.239Z] Time:          Sat Aug 31 2024 20:49:34 GMT+0300 (التوقيت العربي الرسمي)
[debug] [2024-08-31T17:49:34.240Z] ----------------------------------------------------------------------
[debug] 
[debug] [2024-08-31T17:49:34.271Z] > command requires scopes: ["email","openid","https://www.googleapis.com/auth/cloudplatformprojects.readonly","https://www.googleapis.com/auth/firebase","https://www.googleapis.com/auth/cloud-platform"]
[debug] [2024-08-31T17:49:34.272Z] > authorizing via signed-in user (al.algoker@gmail.com)
[info] 
     ######## #### ########  ######## ########     ###     ######  ########
     ##        ##  ##     ## ##       ##     ##  ##   ##  ##       ##
     ######    ##  ########  ######   ########  #########  ######  ######
     ##        ##  ##    ##  ##       ##     ## ##     ##       ## ##
     ##       #### ##     ## ######## ########  ##     ##  ######  ########

You're about to initialize a Firebase project in this directory:

  C:\Users\Q4\Downloads\اذكار\new

[info] 
=== Project Setup
[info] 
[info] First, let's associate this project directory with a Firebase project.
[info] You can create multiple project aliases by running firebase use --add, 
[info] but for now we'll just set up a default project.
[info] 
[debug] [2024-08-31T17:56:12.574Z] > refreshing access token with scopes: []
[debug] [2024-08-31T17:56:12.576Z] >>> [apiv2][query] POST https://www.googleapis.com/oauth2/v3/token [none]
[debug] [2024-08-31T17:56:12.576Z] >>> [apiv2][body] POST https://www.googleapis.com/oauth2/v3/token [omitted]
[debug] [2024-08-31T17:56:13.363Z] <<< [apiv2][status] POST https://www.googleapis.com/oauth2/v3/token 200
[debug] [2024-08-31T17:56:13.364Z] <<< [apiv2][body] POST https://www.googleapis.com/oauth2/v3/token [omitted]
[debug] [2024-08-31T17:56:13.375Z] >>> [apiv2][query] GET https://firebase.googleapis.com/v1beta1/projects pageSize=100
[debug] [2024-08-31T17:56:14.255Z] <<< [apiv2][status] GET https://firebase.googleapis.com/v1beta1/projects 200
[debug] [2024-08-31T17:56:14.256Z] <<< [apiv2][body] GET https://firebase.googleapis.com/v1beta1/projects [omitted]
[info] i  Using project azkar-almoslem-7afd6 (azkar-almoslem) 
[info] 
=== Hosting Setup
[debug] [2024-08-31T17:56:36.192Z] >>> [apiv2][query] GET https://firebase.googleapis.com/v1beta1/projects/azkar-almoslem-7afd6 [none]
[debug] [2024-08-31T17:56:36.882Z] <<< [apiv2][status] GET https://firebase.googleapis.com/v1beta1/projects/azkar-almoslem-7afd6 200
[debug] [2024-08-31T17:56:36.883Z] <<< [apiv2][body] GET https://firebase.googleapis.com/v1beta1/projects/azkar-almoslem-7afd6 {"projectId":"azkar-almoslem-7afd6","projectNumber":"399928605497","displayName":"azkar-almoslem","name":"projects/azkar-almoslem-7afd6","resources":{"hostingSite":"azkar-almoslem-7afd6","storageBucket":"azkar-almoslem-7afd6.appspot.com","locationId":"us-central"},"state":"ACTIVE","etag":"1_ca671969-ed2e-4c2c-b8ed-1c9bb8c50fdb"}
[info] 
[info] Your public directory is the folder (relative to your project directory) that
[info] will contain Hosting assets to be uploaded with firebase deploy. If you
[info] have a build process for your assets, use your build's output directory.
[info] 
[debug] [2024-08-31T17:56:55.198Z] >>> [apiv2][query] GET https://www.gstatic.com/firebasejs/releases.json [none]
[debug] [2024-08-31T17:56:55.867Z] <<< [apiv2][status] GET https://www.gstatic.com/firebasejs/releases.json 200
[debug] [2024-08-31T17:56:55.867Z] <<< [apiv2][body] GET https://www.gstatic.com/firebasejs/releases.json {"current":{"version":"10.13.1","browserURL":"https://www.gstatic.com/firebasejs/10.13.1/firebase.js","packageURL":"https://www.gstatic.com/firebasejs/10.13.1/firebase.tgz"},"live":{"version":"10.13","browserURL":"https://www.gstatic.com/firebasejs/live/10.13/firebase.js","packageURL":"https://www.gstatic.com/firebasejs/live/10.13/firebase.tgz"},"components":{"analytics":"https://www.gstatic.com/firebasejs/10.13.1/firebase-analytics.js","app":"https://www.gstatic.com/firebasejs/10.13.1/firebase-app.js","app-check":"https://www.gstatic.com/firebasejs/10.13.1/firebase-app-check.js","auth":"https://www.gstatic.com/firebasejs/10.13.1/firebase-auth.js","auth/cordova":"https://www.gstatic.com/firebasejs/10.13.1/firebase-auth/cordova.js","auth/web-extension":"https://www.gstatic.com/firebasejs/10.13.1/firebase-auth/web-extension.js","functions":"https://www.gstatic.com/firebasejs/10.13.1/firebase-functions.js","firestore":"https://www.gstatic.com/firebasejs/10.13.1/firebase-firestore.js","firestore/lite":"https://www.gstatic.com/firebasejs/10.13.1/firebase-firestore/lite.js","installations":"https://www.gstatic.com/firebasejs/10.13.1/firebase-installations.js","storage":"https://www.gstatic.com/firebasejs/10.13.1/firebase-storage.js","performance":"https://www.gstatic.com/firebasejs/10.13.1/firebase-performance.js","remote-config":"https://www.gstatic.com/firebasejs/10.13.1/firebase-remote-config.js","messaging":"https://www.gstatic.com/firebasejs/10.13.1/firebase-messaging.js","messaging/sw":"https://www.gstatic.com/firebasejs/10.13.1/firebase-messaging/sw.js","database":"https://www.gstatic.com/firebasejs/10.13.1/firebase-database.js","vertexai-preview":"https://www.gstatic.com/firebasejs/10.13.1/firebase-vertexai-preview.js","firestore.memory":"https://www.gstatic.com/firebasejs/10.13.1/firebase-firestore.memory.js"}}
[info] +  Wrote public/index.html 
[info] 
[info] i  Didn't detect a .git folder. Assuming C:\Users\Q4\Downloads\اذكار\new is the project root. 
[info] i  Authorizing with GitHub to upload your service account to a GitHub repository's secrets store. 
[info] 
[info] Visit this URL on this device to log in:
[info] https://github.com/login/oauth/authorize?client_id=89cf50f02ac6aaed3484&state=188578349&redirect_uri=http%3A%2F%2Flocalhost%3A9005&scope=read%3Auser%20repo%20public_repo
[info] 
[info] Waiting for authentication...
[debug] [2024-08-31T17:58:13.699Z] >>> [apiv2][query] POST https://github.com/login/oauth/access_token [none]
[debug] [2024-08-31T17:58:13.699Z] >>> [apiv2][body] POST https://github.com/login/oauth/access_token [stream]
[debug] [2024-08-31T17:58:14.568Z] <<< [apiv2][status] POST https://github.com/login/oauth/access_token 200
[debug] [2024-08-31T17:58:14.568Z] <<< [apiv2][body] POST https://github.com/login/oauth/access_token {"access_token":"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","token_type":"bearer","scope":"read:user,repo"}
[debug] [2024-08-31T17:58:14.575Z] >>> [apiv2][query] GET https://api.github.com/user [none]
[debug] [2024-08-31T17:58:15.544Z] <<< [apiv2][status] GET https://api.github.com/user 200
[debug] [2024-08-31T17:58:15.544Z] <<< [apiv2][body] GET https://api.github.com/user {"login":"Mstrq4","id":88291734,"node_id":"MDQ6VXNlcjg4MjkxNzM0","avatar_url":"https://avatars.githubusercontent.com/u/88291734?v=4","gravatar_id":"","url":"https://api.github.com/users/Mstrq4","html_url":"https://github.com/Mstrq4","followers_url":"https://api.github.com/users/Mstrq4/followers","following_url":"https://api.github.com/users/Mstrq4/following{/other_user}","gists_url":"https://api.github.com/users/Mstrq4/gists{/gist_id}","starred_url":"https://api.github.com/users/Mstrq4/starred{/owner}{/repo}","subscriptions_url":"https://api.github.com/users/Mstrq4/subscriptions","organizations_url":"https://api.github.com/users/Mstrq4/orgs","repos_url":"https://api.github.com/users/Mstrq4/repos","events_url":"https://api.github.com/users/Mstrq4/events{/privacy}","received_events_url":"https://api.github.com/users/Mstrq4/received_events","type":"User","site_admin":false,"name":null,"company":null,"blog":"","location":null,"email":null,"hireable":null,"bio":null,"twitter_username":null,"notification_email":null,"public_repos":6,"public_gists":0,"followers":0,"following":1,"created_at":"2021-08-01T21:05:12Z","updated_at":"2024-08-31T17:58:10Z","private_gists":0,"total_private_repos":5,"owned_private_repos":5,"disk_usage":25977,"collaborators":0,"two_factor_authentication":true,"plan":{"name":"free","space":976562499,"collaborators":0,"private_repos":10000}}
[info] 
[info] +  Success! Logged into GitHub as Mstrq4 
[info] 
[debug] [2024-08-31T18:02:26.410Z] >>> [apiv2][query] GET https://api.github.com/repos/azkar-moslem/actions/secrets/public-key type=owner
[debug] [2024-08-31T18:02:27.085Z] <<< [apiv2][status] GET https://api.github.com/repos/azkar-moslem/actions/secrets/public-key 404
[debug] [2024-08-31T18:02:27.085Z] <<< [apiv2][body] GET https://api.github.com/repos/azkar-moslem/actions/secrets/public-key {"message":"Not Found","documentation_url":"https://docs.github.com/rest","status":"404"}
[info] 
[info] 
[error] !  The provided authorization cannot be used with this repository. If this repository is in an organization, did you remember to grant access? 
[info] 
[info] i  Action required: Visit this URL to ensure access has been granted to the appropriate organization(s) for the Firebase CLI GitHub OAuth App: 
[info] https://github.com/settings/connections/applications/89cf50f02ac6aaed3484
[info] 
[debug] [2024-08-31T18:02:32.045Z] >>> [apiv2][query] GET https://api.github.com/repos/azkar-moslem/actions/secrets/public-key type=owner
[debug] [2024-08-31T18:02:32.408Z] <<< [apiv2][status] GET https://api.github.com/repos/azkar-moslem/actions/secrets/public-key 404
[debug] [2024-08-31T18:02:32.409Z] <<< [apiv2][body] GET https://api.github.com/repos/azkar-moslem/actions/secrets/public-key {"message":"Not Found","documentation_url":"https://docs.github.com/rest","status":"404"}
[info] 
[info] 
[error] !  The provided authorization cannot be used with this repository. If this repository is in an organization, did you remember to grant access? 
[info] 
[info] i  Action required: Visit this URL to ensure access has been granted to the appropriate organization(s) for the Firebase CLI GitHub OAuth App: 
[info] https://github.com/settings/connections/applications/89cf50f02ac6aaed3484
[info] 
